
Showing logs for build [32mcb-kubecd-environment-pr-109-5-cfl7k-1[0m stage [32mfrom-build-pack[0m and container [32mstep-credential-initializer-lgw9n[0m
{"level":"warn","ts":1576149682.203583,"logger":"fallback-logger","caller":"logging/config.go:69","msg":"Fetch GitHub commit ID from kodata failed: \"ref: refs/heads/master\" is not a valid GitHub commit ID"}
{"level":"info","ts":1576149682.2052372,"logger":"fallback-logger","caller":"creds-init/main.go:40","msg":"Credentials initialized."}

Showing logs for build [32mcb-kubecd-environment-pr-109-5-cfl7k-1[0m stage [32mfrom-build-pack[0m and container [32mstep-working-dir-initializer-j6p5g[0m
{"level":"warn","ts":1576149683.0349135,"logger":"fallback-logger","caller":"logging/config.go:69","msg":"Fetch GitHub commit ID from kodata failed: open /var/run/ko/HEAD: no such file or directory"}
{"level":"info","ts":1576149683.039151,"logger":"fallback-logger","caller":"bash/main.go:65","msg":"Successfully executed command \"mkdir -p /workspace/source\""}

Showing logs for build [32mcb-kubecd-environment-pr-109-5-cfl7k-1[0m stage [32mfrom-build-pack[0m and container [32mstep-place-tools[0m

Showing logs for build [32mcb-kubecd-environment-pr-109-5-cfl7k-1[0m stage [32mfrom-build-pack[0m and container [32mstep-git-source-cb-kubecd-environment-pr-109-5-42gbb[0m
{"level":"warn","ts":1576149688.2225654,"logger":"fallback-logger","caller":"logging/config.go:69","msg":"Fetch GitHub commit ID from kodata failed: \"ref: refs/heads/master\" is not a valid GitHub commit ID"}
{"level":"info","ts":1576149689.3231685,"logger":"fallback-logger","caller":"git/git.go:102","msg":"Successfully cloned https://github.com/cb-kubecd/environment-pr-109-5-gke-upgrade-staging.git @ master in path /workspace/source"}

Showing logs for build [32mcb-kubecd-environment-pr-109-5-cfl7k-1[0m stage [32mfrom-build-pack[0m and container [32mstep-git-merge[0m
Using SHAs from PULL_REFS=master:e0b13fd43018731a65be297d3577bb8d911054e0,1:6de3a628e14cc5afc11112009d77ec222246c6a7
DEBUG: ran git fetch --unshallow origin 6de3a628e14cc5afc11112009d77ec222246c6a7: e0b13fd43018731a65be297d3577bb8d911054e0: in 
DEBUG: ran git checkout master in 
DEBUG: ran git reset --hard e0b13fd43018731a65be297d3577bb8d911054e0 in 
DEBUG: ran clean --force -d . in 
DEBUG: ran git merge 6de3a628e14cc5afc11112009d77ec222246c6a7 in 
Merged SHA 6de3a628e14cc5afc11112009d77ec222246c6a7 with commit message 'chore: Promote bdd-spring-1576149380 to version 0.0.1' into base branch master

Showing logs for build [32mcb-kubecd-environment-pr-109-5-cfl7k-1[0m stage [32mfrom-build-pack[0m and container [32mstep-build-helm-build[0m
WARNING: No $CHART_REPOSITORY defined so using the default value of: http://jenkins-x-chartmuseum:8080
Adding missing Helm repo: storage.googleapis.com https://storage.googleapis.com/chartmuseum.jenkins-x.io
WARNING: No secrets found on "helm/repos" due: reading the secret "helm/repos" from vault: no secret "helm/repos" not found in vault
Read credentials for https://storage.googleapis.com/chartmuseum.jenkins-x.io from vault helm/repos
Successfully added Helm repository storage.googleapis.com.
Adding missing Helm repo: jenkins-x-chartmuseum http://jenkins-x-chartmuseum:8080
WARNING: No secrets found on "helm/repos" due: reading the secret "helm/repos" from vault: no secret "helm/repos" not found in vault
Read credentials for http://jenkins-x-chartmuseum:8080 from vault helm/repos
Successfully added Helm repository jenkins-x-chartmuseum.
WARNING: No $CHART_REPOSITORY defined so using the default value of: http://jenkins-x-chartmuseum:8080
Adding missing Helm repo: chartmuseum.jenkins-x.io http://chartmuseum.jenkins-x.io
WARNING: No secrets found on "helm/repos" due: reading the secret "helm/repos" from vault: no secret "helm/repos" not found in vault
Read credentials for http://chartmuseum.jenkins-x.io from vault helm/repos
Successfully added Helm repository chartmuseum.jenkins-x.io.
